  3DTransformation.cpp
D:\OpenGL2024\3DTransformation\3DTransformation.cpp(32,21): warning C4244: '=': 'double'에서 'GLfloat'(으)로 변환하면서 데이터가 손실될 수 있습니다.
D:\OpenGL2024\3DTransformation\3DTransformation.cpp(33,21): warning C4244: '=': 'double'에서 'GLfloat'(으)로 변환하면서 데이터가 손실될 수 있습니다.
D:\OpenGL2024\3DTransformation\3DTransformation.cpp(73,22): warning C4244: '=': 'double'에서 'GLfloat'(으)로 변환하면서 데이터가 손실될 수 있습니다.
D:\OpenGL2024\3DTransformation\3DTransformation.cpp(74,22): warning C4244: '=': 'double'에서 'GLfloat'(으)로 변환하면서 데이터가 손실될 수 있습니다.
D:\OpenGL2024\3DTransformation\3DTransformation.cpp(81,28): warning C4244: '=': 'double'에서 'GLfloat'(으)로 변환하면서 데이터가 손실될 수 있습니다.
D:\OpenGL2024\3DTransformation\3DTransformation.cpp(82,15): warning C4244: '=': 'double'에서 'GLfloat'(으)로 변환하면서 데이터가 손실될 수 있습니다.
D:\OpenGL2024\3DTransformation\3DTransformation.cpp(86,34): warning C4244: '=': 'double'에서 'GLfloat'(으)로 변환하면서 데이터가 손실될 수 있습니다.
D:\OpenGL2024\3DTransformation\3DTransformation.cpp(91,83): warning C4244: '=': 'double'에서 'GLfloat'(으)로 변환하면서 데이터가 손실될 수 있습니다.
D:\OpenGL2024\3DTransformation\3DTransformation.cpp(118,20): warning C4244: '=': 'double'에서 'GLfloat'(으)로 변환하면서 데이터가 손실될 수 있습니다.
D:\OpenGL2024\3DTransformation\3DTransformation.cpp(121,42): warning C4244: '+=': 'double'에서 'GLfloat'(으)로 변환하면서 데이터가 손실될 수 있습니다.
D:\OpenGL2024\3DTransformation\3DTransformation.cpp(122,42): warning C4244: '+=': 'double'에서 'GLfloat'(으)로 변환하면서 데이터가 손실될 수 있습니다.
D:\OpenGL2024\3DTransformation\3DTransformation.cpp(128,49): warning C4244: '인수': 'double'에서 'GLfloat'(으)로 변환하면서 데이터가 손실될 수 있습니다.
D:\OpenGL2024\3DTransformation\3DTransformation.cpp(156,23): warning C4244: '=': 'GLint'에서 'GLfloat'(으)로 변환하면서 데이터가 손실될 수 있습니다.
D:\OpenGL2024\3DTransformation\3DTransformation.cpp(157,24): warning C4244: '=': 'GLint'에서 'GLfloat'(으)로 변환하면서 데이터가 손실될 수 있습니다.
D:\OpenGL2024\3DTransformation\3DTransformation.cpp(266,9): warning C4101: 'i' :참조되지 않은 지역 변수입니다.
D:\OpenGL2024\3DTransformation\3DTransformation.cpp(295,39): warning C4244: '=': 'double'에서 'GLfloat'(으)로 변환하면서 데이터가 손실될 수 있습니다.
D:\OpenGL2024\3DTransformation\3DTransformation.cpp(400,48): warning C4244: '인수': 'double'에서 'GLfloat'(으)로 변환하면서 데이터가 손실될 수 있습니다.
D:\OpenGL2024\3DTransformation\3DTransformation.cpp(400,35): warning C4244: '인수': 'double'에서 'GLfloat'(으)로 변환하면서 데이터가 손실될 수 있습니다.
D:\OpenGL2024\3DTransformation\3DTransformation.cpp(400,22): warning C4244: '인수': 'double'에서 'GLfloat'(으)로 변환하면서 데이터가 손실될 수 있습니다.
  3DTransformation.vcxproj -> D:\OpenGL2024\3DTransformation\x64\Debug\3DTransformation.exe
